<?xml version="1.0" encoding="UTF-8"?>
<testsuite xmlns:xsi="http://www.w3.org/2001/XMLSchema-instance" xsi:noNamespaceSchemaLocation="https://maven.apache.org/surefire/maven-surefire-plugin/xsd/surefire-test-report.xsd" name="sampleQueue.QueueTest" time="0.066" tests="14" errors="0" skipped="1" failures="1">
  <properties>
    <property name="sun.desktop" value="windows"/>
    <property name="awt.toolkit" value="sun.awt.windows.WToolkit"/>
    <property name="file.encoding.pkg" value="sun.io"/>
    <property name="java.specification.version" value="1.8"/>
    <property name="sun.cpu.isalist" value="amd64"/>
    <property name="sun.jnu.encoding" value="Cp1252"/>
    <property name="java.class.path" value="C:\Users\Xujiang\Dropbox\Xujiang\CIS518\assigment5\junit-assignment-zxj32-master\target\test-classes;C:\Users\Xujiang\Dropbox\Xujiang\CIS518\assigment5\junit-assignment-zxj32-master\target\classes;C:\Users\Xujiang\.m2\repository\org\junit\jupiter\junit-jupiter\5.4.2\junit-jupiter-5.4.2.jar;C:\Users\Xujiang\.m2\repository\org\junit\jupiter\junit-jupiter-api\5.4.2\junit-jupiter-api-5.4.2.jar;C:\Users\Xujiang\.m2\repository\org\apiguardian\apiguardian-api\1.0.0\apiguardian-api-1.0.0.jar;C:\Users\Xujiang\.m2\repository\org\opentest4j\opentest4j\1.1.1\opentest4j-1.1.1.jar;C:\Users\Xujiang\.m2\repository\org\junit\platform\junit-platform-commons\1.4.2\junit-platform-commons-1.4.2.jar;C:\Users\Xujiang\.m2\repository\org\junit\jupiter\junit-jupiter-params\5.4.2\junit-jupiter-params-5.4.2.jar;C:\Users\Xujiang\.m2\repository\org\junit\jupiter\junit-jupiter-engine\5.4.2\junit-jupiter-engine-5.4.2.jar;C:\Users\Xujiang\.m2\repository\org\junit\platform\junit-platform-engine\1.4.2\junit-platform-engine-1.4.2.jar;"/>
    <property name="java.vm.vendor" value="Oracle Corporation"/>
    <property name="sun.arch.data.model" value="64"/>
    <property name="user.variant" value=""/>
    <property name="java.vendor.url" value="http://java.oracle.com/"/>
    <property name="user.timezone" value="America/New_York"/>
    <property name="java.vm.specification.version" value="1.8"/>
    <property name="os.name" value="Windows 10"/>
    <property name="user.country" value="US"/>
    <property name="sun.java.launcher" value="SUN_STANDARD"/>
    <property name="sun.boot.library.path" value="C:\Program Files\Java\jdk1.8.0_201\jre\bin"/>
    <property name="sun.java.command" value="C:\Users\Xujiang\AppData\Local\Temp\surefire8834763260351473784\surefirebooter328231208583199468.jar C:\Users\Xujiang\AppData\Local\Temp\surefire8834763260351473784 2019-05-05T02-12-40_230-jvmRun1 surefire6947149167803039734tmp surefire_08126652715321702627tmp"/>
    <property name="surefire.test.class.path" value="C:\Users\Xujiang\Dropbox\Xujiang\CIS518\assigment5\junit-assignment-zxj32-master\target\test-classes;C:\Users\Xujiang\Dropbox\Xujiang\CIS518\assigment5\junit-assignment-zxj32-master\target\classes;C:\Users\Xujiang\.m2\repository\org\junit\jupiter\junit-jupiter\5.4.2\junit-jupiter-5.4.2.jar;C:\Users\Xujiang\.m2\repository\org\junit\jupiter\junit-jupiter-api\5.4.2\junit-jupiter-api-5.4.2.jar;C:\Users\Xujiang\.m2\repository\org\apiguardian\apiguardian-api\1.0.0\apiguardian-api-1.0.0.jar;C:\Users\Xujiang\.m2\repository\org\opentest4j\opentest4j\1.1.1\opentest4j-1.1.1.jar;C:\Users\Xujiang\.m2\repository\org\junit\platform\junit-platform-commons\1.4.2\junit-platform-commons-1.4.2.jar;C:\Users\Xujiang\.m2\repository\org\junit\jupiter\junit-jupiter-params\5.4.2\junit-jupiter-params-5.4.2.jar;C:\Users\Xujiang\.m2\repository\org\junit\jupiter\junit-jupiter-engine\5.4.2\junit-jupiter-engine-5.4.2.jar;C:\Users\Xujiang\.m2\repository\org\junit\platform\junit-platform-engine\1.4.2\junit-platform-engine-1.4.2.jar;"/>
    <property name="sun.cpu.endian" value="little"/>
    <property name="user.home" value="C:\Users\Xujiang"/>
    <property name="user.language" value="en"/>
    <property name="java.specification.vendor" value="Oracle Corporation"/>
    <property name="java.home" value="C:\Program Files\Java\jdk1.8.0_201\jre"/>
    <property name="basedir" value="C:\Users\Xujiang\Dropbox\Xujiang\CIS518\assigment5\junit-assignment-zxj32-master"/>
    <property name="file.separator" value="\"/>
    <property name="line.separator" value="&#10;"/>
    <property name="java.vm.specification.vendor" value="Oracle Corporation"/>
    <property name="java.specification.name" value="Java Platform API Specification"/>
    <property name="java.awt.graphicsenv" value="sun.awt.Win32GraphicsEnvironment"/>
    <property name="surefire.real.class.path" value="C:\Users\Xujiang\AppData\Local\Temp\surefire8834763260351473784\surefirebooter328231208583199468.jar;C:\\Users\\Xujiang\\.m2\\repository\\org\\jacoco\\org.jacoco.agent\\0.8.1\\org.jacoco.agent-0.8.1-runtime.jar"/>
    <property name="sun.boot.class.path" value="C:\Program Files\Java\jdk1.8.0_201\jre\lib\resources.jar;C:\Program Files\Java\jdk1.8.0_201\jre\lib\rt.jar;C:\Program Files\Java\jdk1.8.0_201\jre\lib\sunrsasign.jar;C:\Program Files\Java\jdk1.8.0_201\jre\lib\jsse.jar;C:\Program Files\Java\jdk1.8.0_201\jre\lib\jce.jar;C:\Program Files\Java\jdk1.8.0_201\jre\lib\charsets.jar;C:\Program Files\Java\jdk1.8.0_201\jre\lib\jfr.jar;C:\Program Files\Java\jdk1.8.0_201\jre\classes"/>
    <property name="user.script" value=""/>
    <property name="sun.management.compiler" value="HotSpot 64-Bit Tiered Compilers"/>
    <property name="java.runtime.version" value="1.8.0_201-b09"/>
    <property name="user.name" value="Xujiang"/>
    <property name="path.separator" value=";"/>
    <property name="os.version" value="10.0"/>
    <property name="java.endorsed.dirs" value="C:\Program Files\Java\jdk1.8.0_201\jre\lib\endorsed"/>
    <property name="java.runtime.name" value="Java(TM) SE Runtime Environment"/>
    <property name="file.encoding" value="Cp1252"/>
    <property name="java.vm.name" value="Java HotSpot(TM) 64-Bit Server VM"/>
    <property name="localRepository" value="C:\Users\Xujiang\.m2\repository"/>
    <property name="java.vendor.url.bug" value="http://bugreport.sun.com/bugreport/"/>
    <property name="java.io.tmpdir" value="C:\Users\Xujiang\AppData\Local\Temp\"/>
    <property name="java.version" value="1.8.0_201"/>
    <property name="user.dir" value="C:\Users\Xujiang\Dropbox\Xujiang\CIS518\assigment5\junit-assignment-zxj32-master"/>
    <property name="os.arch" value="amd64"/>
    <property name="java.vm.specification.name" value="Java Virtual Machine Specification"/>
    <property name="java.awt.printerjob" value="sun.awt.windows.WPrinterJob"/>
    <property name="sun.os.patch.level" value=""/>
    <property name="java.library.path" value="C:\Program Files\Java\jdk1.8.0_201\jre\bin;C:\Windows\Sun\Java\bin;C:\Windows\system32;C:\Windows;D:\Program Files\apache-maven-3.6.1-bin\apache-maven-3.6.1\bin;C:\Program Files\Java\jdk1.8.0_201\bin;C:\Program Files\Java\jdk1.8.0_201\jre\bin;C:\Program Files (x86)\Common Files\Oracle\Java\javapath;C:\Windows\system32;C:\Windows;C:\Windows\System32\Wbem;C:\Windows\System32\WindowsPowerShell\v1.0\;D:\Program Files\Git\cmd;C:\Program Files\dotnet\;C:\Program Files\Microsoft SQL Server\130\Tools\Binn\;C:\Users\Xujiang\AppData\Local\Programs\Python\Python36\Scripts\;C:\Users\Xujiang\AppData\Local\Programs\Python\Python36\;C:\Users\Xujiang\AppData\Local\Microsoft\WindowsApps;C:\Program Files\Bandizip\;C:\Users\Xujiang\AppData\Local\GitHubDesktop\bin;."/>
    <property name="java.vm.info" value="mixed mode"/>
    <property name="java.vendor" value="Oracle Corporation"/>
    <property name="java.vm.version" value="25.201-b09"/>
    <property name="java.ext.dirs" value="C:\Program Files\Java\jdk1.8.0_201\jre\lib\ext;C:\Windows\Sun\Java\lib\ext"/>
    <property name="sun.io.unicode.encoding" value="UnicodeLittle"/>
    <property name="java.class.version" value="52.0"/>
  </properties>
  <testcase name="testTwoEnqueue" classname="sampleQueue.QueueTest" time="0.022"/>
  <testcase name="testToSring" classname="sampleQueue.QueueTest" time="0.001"/>
  <testcase name="testPeek" classname="sampleQueue.QueueTest" time="0"/>
  <testcase name="testSize" classname="sampleQueue.QueueTest" time="0"/>
  <testcase name="testEnqueue_maxlenghth" classname="sampleQueue.QueueTest" time="0.017">
    <failure message="expected: &lt;3&gt; but was: &lt;4&gt;" type="org.opentest4j.AssertionFailedError"><![CDATA[org.opentest4j.AssertionFailedError: expected: <3> but was: <4>
	at sampleQueue.QueueTest.testEnqueue_maxlenghth(QueueTest.java:165)
]]></failure>
  </testcase>
  <testcase name="isEmptyShouldGiveTrueOnQueueInit" classname="sampleQueue.QueueTest" time="0.001"/>
  <testcase name="testLenghth" classname="sampleQueue.QueueTest" time="0"/>
  <testcase name="isInstantiatedWithNew" classname="sampleQueue.QueueTest" time="0">
    <skipped message="void sampleQueue.QueueTest.isInstantiatedWithNew() is @Disabled"/>
  </testcase>
  <testcase name="testNoSuchElementException_dequene" classname="sampleQueue.QueueTest" time="0.003"/>
  <testcase name="testOneDequeue" classname="sampleQueue.QueueTest" time="0"/>
  <testcase name="testNoSuchElementException_peek" classname="sampleQueue.QueueTest" time="0.001"/>
  <testcase name="isEmptyShouldGiveFalseOnQueueInit" classname="sampleQueue.QueueTest" time="0.002"/>
  <testcase name="testRemoveAll" classname="sampleQueue.QueueTest" time="0.001"/>
  <testcase name="testOneEnqueue" classname="sampleQueue.QueueTest" time="0.001"/>
</testsuite>